<?xml version="1.0" encoding="UTF-8"?>
<!-- Generated by org.testng.reporters.JUnitReportReporter -->
<testsuite skipped="0" hostname="Home-Laptop" name="tests.TestYahooRegistration" tests="1" failures="0" timestamp="20 Aug 2020 08:30:50 GMT" time="100.861" errors="0">
  <testcase name="yahooRegister" time="100.861" classname="tests.TestYahooRegistration"/>
</testsuite> <!-- tests.TestYahooRegistration -->
